<?xml version="1.0" encoding="UTF-8"?>
<!-- Generated by org.testng.reporters.JUnitReportReporter -->
<testsuite skipped="0" hostname="DESKTOP-NUUDBB4" name="com.training.sanity.tests.LoginTests" tests="1" failures="0" timestamp="02 Jul 2019 05:54:32 GMT" time="15.007" errors="0">
  <testcase name="validLoginTest" time="15.007" classname="com.training.sanity.tests.LoginTests"/>
</testsuite> <!-- com.training.sanity.tests.LoginTests -->
