<?xml version="1.0" encoding="UTF-8"?>
<!-- Generated by org.testng.reporters.JUnitReportReporter -->
<testsuite skipped="0" hostname="DESKTOP-NUUDBB4" name="com.training.sanity.tests.GuestOrder" tests="1" failures="0" timestamp="11 Jul 2019 05:49:39 GMT" time="40.587" errors="0">
  <testcase name="GuestTest" time="40.587" classname="com.training.sanity.tests.GuestOrder"/>
</testsuite> <!-- com.training.sanity.tests.GuestOrder -->
