<?xml version="1.0" encoding="UTF-8"?>
<!-- Generated by org.testng.reporters.JUnitReportReporter -->
<testsuite skipped="0" hostname="DESKTOP-NUUDBB4" name="com.training.sanity.tests.ReturnOrderTest" tests="1" failures="0" timestamp="09 Jul 2019 20:47:38 GMT" time="47.967" errors="0">
  <testcase name="validLoginTest" time="47.967" classname="com.training.sanity.tests.ReturnOrderTest"/>
</testsuite> <!-- com.training.sanity.tests.ReturnOrderTest -->
