<?xml version="1.0" encoding="UTF-8"?>
<!-- Generated by org.testng.reporters.JUnitReportReporter -->
<testsuite skipped="0" hostname="DESKTOP-NUUDBB4" name="com.training.sanity.tests.ClearTests" tests="1" failures="0" timestamp="02 Jul 2019 05:56:46 GMT" time="16.598" errors="0">
  <testcase name="validClearTest" time="16.598" classname="com.training.sanity.tests.ClearTests"/>
</testsuite> <!-- com.training.sanity.tests.ClearTests -->
