<?xml version="1.0" encoding="UTF-8"?>
<!-- Generated by org.testng.reporters.JUnitReportReporter -->
<testsuite skipped="0" hostname="DESKTOP-NUUDBB4" name="com.training.sanity.tests.ChangeTests" tests="1" failures="0" timestamp="02 Jul 2019 05:58:30 GMT" time="15.995" errors="0">
  <testcase name="validChangeTest" time="15.995" classname="com.training.sanity.tests.ChangeTests"/>
</testsuite> <!-- com.training.sanity.tests.ChangeTests -->
