<?xml version="1.0" encoding="UTF-8"?>
<!-- Generated by org.testng.reporters.JUnitReportReporter -->
<testsuite skipped="0" hostname="DESKTOP-NUUDBB4" name="com.training.sanity.tests.AdminTest" tests="1" failures="0" timestamp="09 Jul 2019 19:33:04 GMT" time="42.069" errors="0">
  <testcase name="AdminTest" time="42.069" classname="com.training.sanity.tests.AdminTest"/>
</testsuite> <!-- com.training.sanity.tests.AdminTest -->
