<?xml version="1.0" encoding="UTF-8"?>
<!-- Generated by org.testng.reporters.JUnitReportReporter -->
<testsuite skipped="0" hostname="DESKTOP-NUUDBB4" name="com.training.sanity.tests.LoginTests" tests="1" failures="0" timestamp="28 Jun 2019 07:52:56 GMT" time="16.644" errors="0">
  <testcase name="validLoginTest" time="16.644" classname="com.training.sanity.tests.LoginTests"/>
</testsuite> <!-- com.training.sanity.tests.LoginTests -->
